17:37:43.679 [main] INFO  factory.BaseClass - Navigated to PRACTO Homepage
17:37:43.878 [main] INFO  factory.BaseClass - Navigating to the surgeries page
17:37:45.100 [main] INFO  factory.BaseClass - Clicked on Surgeries
17:37:45.508 [main] INFO  factory.BaseClass - scrolling down to the surgeries
17:37:52.337 [main] INFO  factory.BaseClass - printing the surgeries list in the excel
17:37:55.619 [main] INFO  factory.BaseClass - --------------- Verifying the schedule demo button has Started ---------------------
17:37:59.579 [main] INFO  factory.BaseClass - Navigated to PRACTO Homepage
17:37:59.855 [main] INFO  factory.BaseClass - navigating to the corporate
17:38:00.035 [main] INFO  factory.BaseClass - selecting heath and wellness
17:38:02.420 [main] INFO  factory.BaseClass - entering name and organisation in the demo form
17:38:04.779 [main] INFO  factory.BaseClass - choosing the organization size and interested option
17:38:09.079 [main] INFO  factory.BaseClass - verifying the phone field by giving invalid input format
17:38:09.080 [main] INFO  factory.BaseClass - verifying the email field with the invalid input no : 1
17:38:11.281 [main] INFO  factory.BaseClass - verifying the email field with the invalid input no : 2
17:38:13.569 [main] INFO  factory.BaseClass - verifying the email field with the invalid input no : 3
17:38:25.485 [main] INFO  factory.BaseClass - verifying the visibility of schedule a demo visibilty
17:38:29.815 [main] INFO  factory.BaseClass - --------------- Verifying the Thankyou message after applying for a demo has Started ---------------------
17:38:33.755 [main] INFO  factory.BaseClass - Navigated to PRACTO Homepage
17:38:34.084 [main] INFO  factory.BaseClass - navigating to the corporate
17:38:34.261 [main] INFO  factory.BaseClass - selecting heath and wellness
17:38:36.028 [main] INFO  factory.BaseClass - verifying with the valid inputs
17:38:38.470 [main] INFO  factory.BaseClass - choosing the organization size and interested option
17:38:42.815 [main] INFO  factory.BaseClass - verifying the phone field by giving invalid input format
17:38:42.815 [main] INFO  factory.BaseClass - verifying the mail field with the valid input : 1
17:38:45.010 [main] INFO  factory.BaseClass - verifying the mail field with the valid input : 2
17:38:47.211 [main] INFO  factory.BaseClass - verifying the mail field with the valid input : 3
17:38:49.524 [main] INFO  factory.BaseClass - verifying the mail field with the valid input : 4
17:38:56.614 [main] INFO  factory.BaseClass - verifying the visibility of schedule a demo visibilty
17:39:08.776 [main] INFO  factory.BaseClass - getting the success message
17:39:08.941 [main] INFO  factory.BaseClass - verifying the success message
17:39:09.173 [main] INFO  factory.BaseClass - Verified the Thank You message
17:43:03.799 [main] INFO  factory.BaseClass - Running through chrome
17:43:03.837 [main] INFO  factory.BaseClass - deleting all the cookies
17:43:03.851 [main] INFO  factory.BaseClass - applying the implicit wait
17:43:04.255 [main] INFO  factory.BaseClass - --------------- Fetching doctors details has Started ---------------------
17:43:09.493 [main] INFO  factory.BaseClass - Navigated to PRACTO Homepage
17:43:09.774 [main] INFO  factory.BaseClass - Entering the search data
17:43:16.833 [main] INFO  factory.BaseClass - Entered the City name
17:43:23.901 [main] INFO  factory.BaseClass - Entered the Speciality name
17:43:23.901 [main] INFO  factory.BaseClass - navigating to the doctors page
17:43:29.441 [main] INFO  factory.BaseClass - applying the filters
17:43:36.882 [main] INFO  factory.BaseClass - Applied Patient Stories
17:43:44.608 [main] INFO  factory.BaseClass - Applied Experience filter
17:43:58.091 [main] INFO  factory.BaseClass - --------------- Fetching surgeries has Started ---------------------
17:43:58.111 [main] INFO  factory.BaseClass - --------------- Verifying the schedule demo button has Started ---------------------
17:43:58.133 [main] INFO  factory.BaseClass - --------------- Verifying the Thankyou message after applying for a demo has Started ---------------------
17:47:01.892 [main] INFO  factory.BaseClass - Running through chrome
17:47:01.914 [main] INFO  factory.BaseClass - deleting all the cookies
17:47:01.924 [main] INFO  factory.BaseClass - applying the implicit wait
17:47:23.765 [main] INFO  factory.BaseClass - Running through chrome
17:47:23.789 [main] INFO  factory.BaseClass - deleting all the cookies
17:47:23.797 [main] INFO  factory.BaseClass - applying the implicit wait
17:48:09.825 [main] INFO  factory.BaseClass - Running through chrome
17:48:09.843 [main] INFO  factory.BaseClass - deleting all the cookies
17:48:09.849 [main] INFO  factory.BaseClass - applying the implicit wait
17:48:10.092 [main] INFO  factory.BaseClass - --------------- Fetching doctors details has Started ---------------------
17:48:15.098 [main] INFO  factory.BaseClass - Navigated to PRACTO Homepage
