11:42:14.388 [main] INFO  factory.BaseClass - Clicked on Surgeries
11:42:14.827 [main] INFO  factory.BaseClass - scrolling down to the surgeries
11:42:20.982 [main] INFO  factory.BaseClass - printing the surgeries list in the excel
11:42:24.255 [main] INFO  factory.BaseClass - --------------- Verifying the schedule demo button has Started ---------------------
11:42:28.457 [main] INFO  factory.BaseClass - Navigated to PRACTO Homepage
11:42:28.751 [main] INFO  factory.BaseClass - navigating to the corporate
11:42:28.961 [main] INFO  factory.BaseClass - selecting heath and wellness
11:42:33.843 [main] INFO  factory.BaseClass - entering name and organisation in the demo form
11:42:36.225 [main] INFO  factory.BaseClass - choosing the organization size and interested option
11:42:40.584 [main] INFO  factory.BaseClass - verifying the phone field by giving invalid input format
11:42:40.584 [main] INFO  factory.BaseClass - verifying the email field with the invalid input no : 1
11:42:42.882 [main] INFO  factory.BaseClass - verifying the email field with the invalid input no : 2
11:42:45.153 [main] INFO  factory.BaseClass - verifying the email field with the invalid input no : 3
11:42:56.870 [main] INFO  factory.BaseClass - verifying the visibility of schedule a demo visibilty
11:43:01.205 [main] INFO  factory.BaseClass - --------------- Verifying the Thankyou message after applying for a demo has Started ---------------------
11:43:05.827 [main] INFO  factory.BaseClass - Navigated to PRACTO Homepage
11:43:06.050 [main] INFO  factory.BaseClass - navigating to the corporate
11:43:06.228 [main] INFO  factory.BaseClass - selecting heath and wellness
11:43:08.930 [main] INFO  factory.BaseClass - verifying with the valid inputs
11:43:11.149 [main] INFO  factory.BaseClass - choosing the organization size and interested option
11:43:15.419 [main] INFO  factory.BaseClass - verifying the phone field by giving invalid input format
11:43:15.419 [main] INFO  factory.BaseClass - verifying the mail field with the valid input : 1
11:43:17.661 [main] INFO  factory.BaseClass - verifying the mail field with the valid input : 2
11:43:19.856 [main] INFO  factory.BaseClass - verifying the mail field with the valid input : 3
11:43:22.066 [main] INFO  factory.BaseClass - verifying the mail field with the valid input : 4
11:43:29.279 [main] INFO  factory.BaseClass - verifying the visibility of schedule a demo visibilty
11:43:41.484 [main] INFO  factory.BaseClass - getting the success message
11:43:41.672 [main] INFO  factory.BaseClass - verifying the success message
11:43:41.906 [main] INFO  factory.BaseClass - Verified the Thank You message
16:23:18.574 [main] INFO  factory.BaseClass - Running through chrome
16:23:18.596 [main] INFO  factory.BaseClass - deleting all the cookies
16:23:18.605 [main] INFO  factory.BaseClass - applying the implicit wait
16:23:18.910 [main] INFO  factory.BaseClass - --------------- Fetching doctors details has Started ---------------------
16:23:24.730 [main] INFO  factory.BaseClass - Navigated to PRACTO Homepage
16:23:25.198 [main] INFO  factory.BaseClass - Entering the search data
16:23:32.007 [main] INFO  factory.BaseClass - Entered the City name
16:23:39.087 [main] INFO  factory.BaseClass - Entered the Speciality name
16:23:39.089 [main] INFO  factory.BaseClass - navigating to the doctors page
16:23:44.688 [main] INFO  factory.BaseClass - applying the filters
16:23:52.042 [main] INFO  factory.BaseClass - Applied Patient Stories
16:23:59.783 [main] INFO  factory.BaseClass - Applied Experience filter
16:24:14.735 [main] INFO  factory.BaseClass - Applied All Filters
16:24:17.789 [main] INFO  factory.BaseClass - Doctors are greater than 5
16:24:22.757 [main] INFO  factory.BaseClass - Sorted the doctors list
16:24:22.997 [main] INFO  factory.BaseClass - Getting the doctors details
16:24:26.455 [main] INFO  factory.BaseClass - printing the details in the excel
16:24:26.697 [main] INFO  factory.BaseClass - --------------- Fetching surgeries has Started ---------------------
16:24:30.923 [main] INFO  factory.BaseClass - Navigated to PRACTO Homepage
16:24:31.134 [main] INFO  factory.BaseClass - Navigating to the surgeries page
16:24:32.082 [main] INFO  factory.BaseClass - Clicked on Surgeries
16:24:32.509 [main] INFO  factory.BaseClass - scrolling down to the surgeries
16:24:38.119 [main] INFO  factory.BaseClass - printing the surgeries list in the excel
16:24:41.407 [main] INFO  factory.BaseClass - --------------- Verifying the schedule demo button has Started ---------------------
16:24:45.657 [main] INFO  factory.BaseClass - Navigated to PRACTO Homepage
16:24:45.965 [main] INFO  factory.BaseClass - navigating to the corporate
16:24:46.205 [main] INFO  factory.BaseClass - selecting heath and wellness
16:24:49.579 [main] INFO  factory.BaseClass - entering name and organisation in the demo form
16:24:51.923 [main] INFO  factory.BaseClass - choosing the organization size and interested option
