10:40:17.667 [main] INFO  factory.BaseClass - Navigated to PRACTO Homepage
10:40:17.936 [main] INFO  factory.BaseClass - Entering the search data
10:40:24.771 [main] INFO  factory.BaseClass - Entered the City name
10:40:30.713 [main] INFO  factory.BaseClass - Entered the Speciality name
10:40:30.713 [main] INFO  factory.BaseClass - navigating to the doctors page
10:40:36.144 [main] INFO  factory.BaseClass - applying the filters
10:40:43.443 [main] INFO  factory.BaseClass - Applied Patient Stories
10:40:50.760 [main] INFO  factory.BaseClass - Applied Experience filter
10:41:05.287 [main] INFO  factory.BaseClass - Applied All Filters
10:41:08.366 [main] INFO  factory.BaseClass - Doctors are greater than 5
10:41:13.136 [main] INFO  factory.BaseClass - Sorted the doctors list
10:41:13.313 [main] INFO  factory.BaseClass - Getting the doctors details
10:41:16.305 [main] INFO  factory.BaseClass - printing the details in the excel
10:41:16.519 [main] INFO  factory.BaseClass - --------------- Fetching surgeries has Started ---------------------
10:41:20.491 [main] INFO  factory.BaseClass - Navigated to PRACTO Homepage
10:41:20.687 [main] INFO  factory.BaseClass - Navigating to the surgeries page
10:41:21.625 [main] INFO  factory.BaseClass - Clicked on Surgeries
10:41:21.943 [main] INFO  factory.BaseClass - scrolling down to the surgeries
10:41:27.138 [main] INFO  factory.BaseClass - printing the surgeries list in the excel
10:41:30.373 [main] INFO  factory.BaseClass - --------------- Verifying the schedule demo button has Started ---------------------
10:41:34.307 [main] INFO  factory.BaseClass - Navigated to PRACTO Homepage
10:41:34.570 [main] INFO  factory.BaseClass - navigating to the corporate
10:41:34.766 [main] INFO  factory.BaseClass - selecting heath and wellness
10:41:37.595 [main] INFO  factory.BaseClass - entering name and organisation in the demo form
10:41:39.927 [main] INFO  factory.BaseClass - choosing the organization size and interested option
10:41:44.191 [main] INFO  factory.BaseClass - verifying the phone field by giving invalid input format
10:41:44.191 [main] INFO  factory.BaseClass - verifying the email field with the invalid input no : 1
10:41:46.395 [main] INFO  factory.BaseClass - verifying the email field with the invalid input no : 2
10:41:48.612 [main] INFO  factory.BaseClass - verifying the email field with the invalid input no : 3
10:42:00.145 [main] INFO  factory.BaseClass - verifying the visibility of schedule a demo visibilty
10:42:04.460 [main] INFO  factory.BaseClass - --------------- Verifying the Thankyou message after applying for a demo has Started ---------------------
10:42:08.367 [main] INFO  factory.BaseClass - Navigated to PRACTO Homepage
10:42:08.597 [main] INFO  factory.BaseClass - navigating to the corporate
10:42:08.770 [main] INFO  factory.BaseClass - selecting heath and wellness
10:42:10.869 [main] INFO  factory.BaseClass - verifying with the valid inputs
10:42:13.146 [main] INFO  factory.BaseClass - choosing the organization size and interested option
10:42:17.405 [main] INFO  factory.BaseClass - verifying the phone field by giving invalid input format
10:42:17.405 [main] INFO  factory.BaseClass - verifying the mail field with the valid input : 1
10:42:19.579 [main] INFO  factory.BaseClass - verifying the mail field with the valid input : 2
10:42:21.795 [main] INFO  factory.BaseClass - verifying the mail field with the valid input : 3
10:42:24.021 [main] INFO  factory.BaseClass - verifying the mail field with the valid input : 4
10:42:30.962 [main] INFO  factory.BaseClass - verifying the visibility of schedule a demo visibilty
10:42:43.102 [main] INFO  factory.BaseClass - getting the success message
10:42:43.260 [main] INFO  factory.BaseClass - verifying the success message
10:42:43.461 [main] INFO  factory.BaseClass - Verified the Thank You message
10:44:11.939 [main] INFO  factory.BaseClass - Running through chrome
10:44:11.955 [main] INFO  factory.BaseClass - deleting all the cookies
10:44:11.962 [main] INFO  factory.BaseClass - applying the implicit wait
10:44:12.147 [main] INFO  factory.BaseClass - --------------- Fetching doctors details has Started ---------------------
10:44:16.723 [main] INFO  factory.BaseClass - Navigated to PRACTO Homepage
10:44:16.919 [main] INFO  factory.BaseClass - Entering the search data
10:44:23.550 [main] INFO  factory.BaseClass - Entered the City name
10:44:29.527 [main] INFO  factory.BaseClass - Entered the Speciality name
10:44:29.527 [main] INFO  factory.BaseClass - navigating to the doctors page
10:44:34.982 [main] INFO  factory.BaseClass - applying the filters
10:44:42.306 [main] INFO  factory.BaseClass - Applied Patient Stories
10:44:49.707 [main] INFO  factory.BaseClass - Applied Experience filter
10:45:04.248 [main] INFO  factory.BaseClass - Applied All Filters
10:45:07.305 [main] INFO  factory.BaseClass - Doctors are greater than 5
10:45:11.911 [main] INFO  factory.BaseClass - Sorted the doctors list
