09:14:06.352 [main] INFO  factory.BaseClass - verifying the mail field with the valid input : 1
09:14:08.545 [main] INFO  factory.BaseClass - verifying the mail field with the valid input : 2
09:14:10.744 [main] INFO  factory.BaseClass - verifying the mail field with the valid input : 3
09:14:13.042 [main] INFO  factory.BaseClass - verifying the mail field with the valid input : 4
09:14:19.967 [main] INFO  factory.BaseClass - verifying the visibility of schedule a demo visibilty
09:14:32.275 [main] INFO  factory.BaseClass - getting the success message
09:14:32.545 [main] INFO  factory.BaseClass - verifying the success message
09:14:44.211 [main] INFO  factory.BaseClass - Verified the Thank You message
09:25:26.212 [main] INFO  factory.BaseClass - Running through chrome
09:25:26.230 [main] INFO  factory.BaseClass - deleting all the cookies
09:25:26.237 [main] INFO  factory.BaseClass - applying the implicit wait
09:25:26.489 [main] INFO  factory.BaseClass - --------------- Fetching doctors details has Started ---------------------
09:25:26.537 [main] INFO  factory.BaseClass - --------------- Fetching surgeries has Started ---------------------
09:25:26.554 [main] INFO  factory.BaseClass - --------------- Verifying the schedule demo button has Started ---------------------
09:25:26.572 [main] INFO  factory.BaseClass - --------------- Verifying the Thankyou message after applying for a demo has Started ---------------------
09:26:23.761 [main] INFO  factory.BaseClass - Running through chrome
09:26:23.787 [main] INFO  factory.BaseClass - deleting all the cookies
09:26:23.795 [main] INFO  factory.BaseClass - applying the implicit wait
09:26:24.153 [main] INFO  factory.BaseClass - --------------- Fetching doctors details has Started ---------------------
09:26:30.629 [main] INFO  factory.BaseClass - Navigated to PRACTO Homepage
09:26:30.880 [main] INFO  factory.BaseClass - Entering the search data
09:26:37.686 [main] INFO  factory.BaseClass - Entered the City name
09:26:45.791 [main] INFO  factory.BaseClass - Entered the Speciality name
09:26:45.791 [main] INFO  factory.BaseClass - navigating to the doctors page
09:26:51.302 [main] INFO  factory.BaseClass - applying the filters
09:26:58.644 [main] INFO  factory.BaseClass - Applied Patient Stories
09:27:06.343 [main] INFO  factory.BaseClass - Applied Experience filter
09:27:21.294 [main] INFO  factory.BaseClass - Applied All Filters
09:27:24.323 [main] INFO  factory.BaseClass - Doctors are greater than 5
09:27:29.570 [main] INFO  factory.BaseClass - Sorted the doctors list
09:27:29.780 [main] INFO  factory.BaseClass - Getting the doctors details
09:27:32.961 [main] INFO  factory.BaseClass - printing the details in the excel
09:27:33.188 [main] INFO  factory.BaseClass - --------------- Fetching surgeries has Started ---------------------
09:27:38.766 [main] INFO  factory.BaseClass - Navigated to PRACTO Homepage
09:27:38.952 [main] INFO  factory.BaseClass - Navigating to the surgeries page
09:27:40.744 [main] INFO  factory.BaseClass - Clicked on Surgeries
09:27:41.141 [main] INFO  factory.BaseClass - scrolling down to the surgeries
09:27:47.574 [main] INFO  factory.BaseClass - printing the surgeries list in the excel
09:27:50.828 [main] INFO  factory.BaseClass - --------------- Verifying the schedule demo button has Started ---------------------
09:27:54.995 [main] INFO  factory.BaseClass - Navigated to PRACTO Homepage
09:27:55.313 [main] INFO  factory.BaseClass - navigating to the corporate
09:27:55.500 [main] INFO  factory.BaseClass - selecting heath and wellness
09:28:02.754 [main] INFO  factory.BaseClass - entering name and organisation in the demo form
09:28:05.194 [main] INFO  factory.BaseClass - choosing the organization size and interested option
09:28:09.524 [main] INFO  factory.BaseClass - verifying the phone field by giving invalid input format
09:28:09.524 [main] INFO  factory.BaseClass - verifying the email field with the invalid input no : 1
09:28:11.749 [main] INFO  factory.BaseClass - verifying the email field with the invalid input no : 2
09:28:13.995 [main] INFO  factory.BaseClass - verifying the email field with the invalid input no : 3
09:28:26.113 [main] INFO  factory.BaseClass - verifying the visibility of schedule a demo visibilty
09:28:30.522 [main] INFO  factory.BaseClass - --------------- Verifying the Thankyou message after applying for a demo has Started ---------------------
09:28:35.237 [main] INFO  factory.BaseClass - Navigated to PRACTO Homepage
09:28:35.579 [main] INFO  factory.BaseClass - navigating to the corporate
09:28:35.807 [main] INFO  factory.BaseClass - selecting heath and wellness
09:28:38.481 [main] INFO  factory.BaseClass - verifying with the valid inputs
09:28:40.867 [main] INFO  factory.BaseClass - choosing the organization size and interested option
09:28:45.226 [main] INFO  factory.BaseClass - verifying the phone field by giving invalid input format
09:28:45.226 [main] INFO  factory.BaseClass - verifying the mail field with the valid input : 1
