18:14:15.465 [main] INFO  factory.BaseClass - Applied All Filters
18:14:19.524 [main] INFO  factory.BaseClass - Clicked reset button
18:14:27.922 [main] INFO  factory.BaseClass - Applied Patient Stories
18:14:35.197 [main] INFO  factory.BaseClass - Applied Experience filter
18:14:49.763 [main] INFO  factory.BaseClass - Applied All Filters
18:14:53.833 [main] INFO  factory.BaseClass - Clicked reset button
18:15:02.019 [main] INFO  factory.BaseClass - Applied Patient Stories
18:15:09.458 [main] INFO  factory.BaseClass - Applied Experience filter
18:15:24.826 [main] INFO  factory.BaseClass - Applied All Filters
18:15:28.882 [main] INFO  factory.BaseClass - Clicked reset button
18:15:37.602 [main] INFO  factory.BaseClass - Applied Patient Stories
18:15:44.813 [main] INFO  factory.BaseClass - Applied Experience filter
18:16:00.048 [main] INFO  factory.BaseClass - Applied All Filters
18:16:04.094 [main] INFO  factory.BaseClass - Clicked reset button
18:16:12.609 [main] INFO  factory.BaseClass - Applied Patient Stories
18:16:40.454 [main] INFO  factory.BaseClass - --------------- Fetching surgeries has Started ---------------------
18:16:45.002 [main] INFO  factory.BaseClass - Navigated to PRACTO Homepage
18:16:45.135 [main] INFO  factory.BaseClass - Navigating to the surgeries page
18:16:46.343 [main] INFO  factory.BaseClass - Clicked on Surgeries
18:16:46.622 [main] INFO  factory.BaseClass - scrolling down to the surgeries
18:16:51.636 [main] INFO  factory.BaseClass - --------------- Verifying the schedule demo button has Started ---------------------
18:16:55.565 [main] INFO  factory.BaseClass - Navigated to PRACTO Homepage
18:16:55.785 [main] INFO  factory.BaseClass - navigating to the corporate
18:16:55.946 [main] INFO  factory.BaseClass - selecting heath and wellness
18:17:00.643 [main] INFO  factory.BaseClass - entering name and organisation in the demo form
18:17:02.886 [main] INFO  factory.BaseClass - choosing the organization size and interested option
18:17:07.187 [main] INFO  factory.BaseClass - verifying the phone field by giving invalid input format
18:17:07.187 [main] INFO  factory.BaseClass - verifying the email field with the invalid input no : 1
18:17:09.387 [main] INFO  factory.BaseClass - verifying the email field with the invalid input no : 2
18:17:11.616 [main] INFO  factory.BaseClass - verifying the email field with the invalid input no : 3
18:17:23.235 [main] INFO  factory.BaseClass - verifying the visibility of schedule a demo visibilty
18:17:27.533 [main] INFO  factory.BaseClass - --------------- Verifying the Thankyou message after applying for a demo has Started ---------------------
18:17:31.794 [main] INFO  factory.BaseClass - Navigated to PRACTO Homepage
18:17:31.998 [main] INFO  factory.BaseClass - navigating to the corporate
18:17:32.156 [main] INFO  factory.BaseClass - selecting heath and wellness
18:17:34.451 [main] INFO  factory.BaseClass - verifying with the valid inputs
18:17:36.674 [main] INFO  factory.BaseClass - choosing the organization size and interested option
18:17:40.948 [main] INFO  factory.BaseClass - verifying the phone field by giving invalid input format
18:17:40.948 [main] INFO  factory.BaseClass - verifying the mail field with the valid input : 1
18:17:43.108 [main] INFO  factory.BaseClass - verifying the mail field with the valid input : 2
18:17:45.297 [main] INFO  factory.BaseClass - verifying the mail field with the valid input : 3
18:17:47.498 [main] INFO  factory.BaseClass - verifying the mail field with the valid input : 4
18:17:54.413 [main] INFO  factory.BaseClass - verifying the visibility of schedule a demo visibilty
18:18:06.488 [main] INFO  factory.BaseClass - getting the success message
18:18:06.622 [main] INFO  factory.BaseClass - verifying the success message
18:18:06.823 [main] INFO  factory.BaseClass - Verified the Thank You message
21:28:41.149 [main] INFO  factory.BaseClass - Running through chrome
21:28:41.203 [main] INFO  factory.BaseClass - deleting all the cookies
21:28:41.219 [main] INFO  factory.BaseClass - applying the implicit wait
21:28:42.039 [main] INFO  factory.BaseClass - --------------- Fetching doctors details has Started ---------------------
21:28:48.745 [main] INFO  factory.BaseClass - Navigated to PRACTO Homepage
21:28:49.084 [main] INFO  factory.BaseClass - Entering the search data
21:28:56.188 [main] INFO  factory.BaseClass - Entered the City name
21:29:03.561 [main] INFO  factory.BaseClass - Entered the Speciality name
21:29:03.561 [main] INFO  factory.BaseClass - navigating to the doctors page
21:29:09.169 [main] INFO  factory.BaseClass - applying the filters
21:29:16.532 [main] INFO  factory.BaseClass - Applied Patient Stories
21:29:24.844 [main] INFO  factory.BaseClass - Applied Experience filter
21:29:41.042 [main] INFO  factory.BaseClass - Applied All Filters
21:29:44.171 [main] INFO  factory.BaseClass - Doctors are greater than 5
21:29:49.854 [main] INFO  factory.BaseClass - Sorted the doctors list
